Total Dictionary Words: 751662
File read time: 0.124740 s
Dictionary Time: 0.026499 s
The password is not found in dictionary.

Start brute force.

Brute force try password length: 1
Number of combinations: 26

Brute force try password length: 2
Number of combinations: 676

Brute force try password length: 3
Number of combinations: 17576

Brute force try password length: 4
Number of combinations: 456976

The password is found: ktli

Brute force Time: 0.000176 s
MD5 Time: 0.026696 s
GPU Time: 0.293838 s
Total Time: 0.418592 s

real	0m0.516s
user	0m0.131s
sys	0m0.231s
