Total Dictionary Words: 751662
File read time: 0.122305 s
Dictionary Time: 0.000001 s
The password is not found in dictionary.

Start brute force.

Brute force try password length: 1
Number of combinations: 26

Brute force try password length: 2
Number of combinations: 676

Brute force try password length: 3
Number of combinations: 17576

Brute force try password length: 4
Number of combinations: 456976

Brute force try password length: 5
Number of combinations: 11881376

The password is found: zzzzz

Brute force Time: 0.000518 s
MD5 Time: 0.000557 s
GPU Time: 0.171034 s
Total Time: 0.293354 s

real	0m0.347s
user	0m0.133s
sys	0m0.193s
